<?xml version="1.0" encoding="UTF-8"?>
<testng-results ignored="0" total="4" passed="3" failed="1" skipped="0">
  <reporter-output>
  </reporter-output>
  <suite started-at="2021-12-22T18:02:47 EST" name="Suite" finished-at="2021-12-22T18:03:03 EST" duration-ms="15823">
    <groups>
    </groups>
    <test started-at="2021-12-22T18:02:47 EST" name="login" finished-at="2021-12-22T18:02:54 EST" duration-ms="6822">
      <class name="com.testngProject.LoginTest">
        <test-method is-config="true" signature="getBrowser()[pri:0, instance:com.testngProject.LoginTest@4f209819]" started-at="2021-12-22T18:02:47 EST" name="getBrowser" finished-at="2021-12-22T18:02:52 EST" duration-ms="5133" status="PASS">
          <reporter-output>
          </reporter-output>
        </test-method> <!-- getBrowser -->
        <test-method signature="verify_validcredentials(java.lang.String,java.lang.String)[pri:0, instance:com.testngProject.LoginTest@4f209819]" started-at="2021-12-22T18:02:52 EST" name="verify_validcredentials" finished-at="2021-12-22T18:02:53 EST" duration-ms="1111" status="PASS">
          <params>
            <param index="0">
              <value>
                <![CDATA[qatrainer]]>
              </value>
            </param>
            <param index="1">
              <value>
                <![CDATA[admin123]]>
              </value>
            </param>
          </params>
          <reporter-output>
          </reporter-output>
        </test-method> <!-- verify_validcredentials -->
        <test-method signature="verify_invalidcredentials(java.lang.String,java.lang.String)[pri:1, instance:com.testngProject.LoginTest@4f209819]" started-at="2021-12-22T18:02:53 EST" name="verify_invalidcredentials" finished-at="2021-12-22T18:02:54 EST" duration-ms="401" status="PASS">
          <params>
            <param index="0">
              <value>
                <![CDATA[tester]]>
              </value>
            </param>
            <param index="1">
              <value>
                <![CDATA[admin123]]>
              </value>
            </param>
          </params>
          <reporter-output>
          </reporter-output>
        </test-method> <!-- verify_invalidcredentials -->
        <test-method is-config="true" signature="closeTest()[pri:0, instance:com.testngProject.LoginTest@4f209819]" started-at="2021-12-22T18:02:54 EST" name="closeTest" finished-at="2021-12-22T18:02:54 EST" duration-ms="146" status="PASS">
          <reporter-output>
          </reporter-output>
        </test-method> <!-- closeTest -->
      </class> <!-- com.testngProject.LoginTest -->
    </test> <!-- login -->
    <test started-at="2021-12-22T18:02:54 EST" name="google" finished-at="2021-12-22T18:03:03 EST" duration-ms="8986">
      <class name="com.testngProject.TestReport2">
        <test-method is-config="true" signature="setupSuite()[pri:0, instance:com.testngProject.TestReport2@2e005c4b]" started-at="2021-12-22T18:02:47 EST" name="setupSuite" finished-at="2021-12-22T18:02:47 EST" duration-ms="192" status="PASS">
          <reporter-output>
          </reporter-output>
        </test-method> <!-- setupSuite -->
        <test-method is-config="true" signature="startbrowser()[pri:0, instance:com.testngProject.TestReport2@2e005c4b]" started-at="2021-12-22T18:02:54 EST" name="startbrowser" finished-at="2021-12-22T18:02:59 EST" duration-ms="5188" status="PASS">
          <reporter-output>
          </reporter-output>
        </test-method> <!-- startbrowser -->
        <test-method signature="gmail_link()[pri:0, instance:com.testngProject.TestReport2@2e005c4b]" started-at="2021-12-22T18:02:59 EST" name="gmail_link" finished-at="2021-12-22T18:02:59 EST" duration-ms="97" status="PASS">
          <reporter-output>
          </reporter-output>
        </test-method> <!-- gmail_link -->
        <test-method is-config="true" signature="failed_report(org.testng.ITestResult)[pri:0, instance:com.testngProject.TestReport2@2e005c4b]" started-at="2021-12-22T18:02:59 EST" name="failed_report" finished-at="2021-12-22T18:02:59 EST" duration-ms="0" status="PASS">
          <params>
            <param index="0">
              <value>
                <![CDATA[[TestResult name=gmail_link status=SUCCESS method=TestReport2.gmail_link()[pri:0, instance:com.testngProject.TestReport2@2e005c4b] output={null}]]]>
              </value>
            </param>
          </params>
          <reporter-output>
          </reporter-output>
        </test-method> <!-- failed_report -->
        <test-method signature="image_link()[pri:1, instance:com.testngProject.TestReport2@2e005c4b]" started-at="2021-12-22T18:02:59 EST" name="image_link" finished-at="2021-12-22T18:02:59 EST" duration-ms="28" status="FAIL">
          <exception class="java.lang.AssertionError">
            <message>
              <![CDATA[expected [images] but found [Images]]]>
            </message>
            <full-stacktrace>
              <![CDATA[java.lang.AssertionError: expected [images] but found [Images]
at org.testng.Assert.fail(Assert.java:99)
at org.testng.Assert.failNotEquals(Assert.java:1037)
at org.testng.Assert.assertEqualsImpl(Assert.java:140)
at org.testng.Assert.assertEquals(Assert.java:122)
at org.testng.Assert.assertEquals(Assert.java:629)
at org.testng.Assert.assertEquals(Assert.java:639)
at com.testngProject.TestReport2.image_link(TestReport2.java:71)
at java.base/jdk.internal.reflect.NativeMethodAccessorImpl.invoke0(Native Method)
at java.base/jdk.internal.reflect.NativeMethodAccessorImpl.invoke(NativeMethodAccessorImpl.java:64)
at java.base/jdk.internal.reflect.DelegatingMethodAccessorImpl.invoke(DelegatingMethodAccessorImpl.java:43)
at java.base/java.lang.reflect.Method.invoke(Method.java:564)
at org.testng.internal.MethodInvocationHelper.invokeMethod(MethodInvocationHelper.java:133)
at org.testng.internal.TestInvoker.invokeMethod(TestInvoker.java:598)
at org.testng.internal.TestInvoker.invokeTestMethod(TestInvoker.java:173)
at org.testng.internal.MethodRunner.runInSequence(MethodRunner.java:46)
at org.testng.internal.TestInvoker$MethodInvocationAgent.invoke(TestInvoker.java:824)
at org.testng.internal.TestInvoker.invokeTestMethods(TestInvoker.java:146)
at org.testng.internal.TestMethodWorker.invokeTestMethods(TestMethodWorker.java:146)
at org.testng.internal.TestMethodWorker.run(TestMethodWorker.java:128)
at java.base/java.util.ArrayList.forEach(ArrayList.java:1511)
at org.testng.TestRunner.privateRun(TestRunner.java:794)
at org.testng.TestRunner.run(TestRunner.java:596)
at org.testng.SuiteRunner.runTest(SuiteRunner.java:377)
at org.testng.SuiteRunner.runSequentially(SuiteRunner.java:371)
at org.testng.SuiteRunner.privateRun(SuiteRunner.java:332)
at org.testng.SuiteRunner.run(SuiteRunner.java:276)
at org.testng.SuiteRunnerWorker.runSuite(SuiteRunnerWorker.java:53)
at org.testng.SuiteRunnerWorker.run(SuiteRunnerWorker.java:96)
at org.testng.TestNG.runSuitesSequentially(TestNG.java:1212)
at org.testng.TestNG.runSuitesLocally(TestNG.java:1134)
at org.testng.TestNG.runSuites(TestNG.java:1063)
at org.testng.TestNG.run(TestNG.java:1031)
at org.testng.remote.AbstractRemoteTestNG.run(AbstractRemoteTestNG.java:115)
at org.testng.remote.RemoteTestNG.initAndRun(RemoteTestNG.java:251)
at org.testng.remote.RemoteTestNG.main(RemoteTestNG.java:77)
]]>
            </full-stacktrace>
          </exception> <!-- java.lang.AssertionError -->
          <reporter-output>
          </reporter-output>
        </test-method> <!-- image_link -->
        <test-method is-config="true" signature="failed_report(org.testng.ITestResult)[pri:0, instance:com.testngProject.TestReport2@2e005c4b]" started-at="2021-12-22T18:02:59 EST" name="failed_report" finished-at="2021-12-22T18:03:02 EST" duration-ms="3262" status="PASS">
          <params>
            <param index="0">
              <value>
                <![CDATA[[TestResult name=image_link status=FAILURE method=TestReport2.image_link()[pri:1, instance:com.testngProject.TestReport2@2e005c4b] output={null}]]]>
              </value>
            </param>
          </params>
          <reporter-output>
          </reporter-output>
        </test-method> <!-- failed_report -->
        <test-method is-config="true" signature="closereport()[pri:0, instance:com.testngProject.TestReport2@2e005c4b]" started-at="2021-12-22T18:03:02 EST" name="closereport" finished-at="2021-12-22T18:03:03 EST" duration-ms="401" status="PASS">
          <reporter-output>
          </reporter-output>
        </test-method> <!-- closereport -->
      </class> <!-- com.testngProject.TestReport2 -->
    </test> <!-- google -->
  </suite> <!-- Suite -->
</testng-results>
